Copyright 1986-2022 Xilinx, Inc. All Rights Reserved. Copyright 2022-2025 Advanced Micro Devices, Inc. All Rights Reserved.
---------------------------------------------------------------------------------------------------------------------------------------------------------------------------------------------------------------------------------------
| Tool Version : Vivado v.2025.1 (win64) Build 6140274 Thu May 22 00:12:29 MDT 2025
| Date         : Sat Jun 13 22:52:45 2026
| Host         : LAPTOP-GAHOH8GF running 64-bit major release  (build 9200)
| Command      : report_timing_summary -max_paths 10 -routable_nets -report_unconstrained -file fifo_core_timing_summary_routed.rpt -pb fifo_core_timing_summary_routed.pb -rpx fifo_core_timing_summary_routed.rpx -warn_on_violation
| Design       : fifo_core
| Device       : 7s50-csga324
| Speed File   : -1  PRODUCTION 1.23 2018-06-13
| Design State : Routed
---------------------------------------------------------------------------------------------------------------------------------------------------------------------------------------------------------------------------------------

Timing Summary Report

------------------------------------------------------------------------------------------------
| Timer Settings
| --------------
------------------------------------------------------------------------------------------------

  Enable Multi Corner Analysis               :  Yes
  Enable Pessimism Removal                   :  Yes
  Pessimism Removal Resolution               :  Nearest Common Node
  Enable Input Delay Default Clock           :  No
  Enable Preset / Clear Arcs                 :  No
  Disable Flight Delays                      :  No
  Ignore I/O Paths                           :  No
  Timing Early Launch at Borrowing Latches   :  No
  Borrow Time for Max Delay Exceptions       :  Yes
  Merge Timing Exceptions                    :  Yes
  Inter-SLR Compensation                     :  Conservative

  Corner  Analyze    Analyze    
  Name    Max Paths  Min Paths  
  ------  ---------  ---------  
  Slow    Yes        Yes        
  Fast    Yes        Yes        


------------------------------------------------------------------------------------------------
| Report Methodology
| ------------------
------------------------------------------------------------------------------------------------

Rule       Severity          Description                  Violations  
---------  ----------------  ---------------------------  ----------  
TIMING-17  Critical Warning  Non-clocked sequential cell  33          

Note: This report is based on the most recent report_methodology run and may not be up-to-date. Run report_methodology on the current design for the latest report.



check_timing report

Table of Contents
-----------------
1. checking no_clock (33)
2. checking constant_clock (0)
3. checking pulse_width_clock (0)
4. checking unconstrained_internal_endpoints (133)
5. checking no_input_delay (11)
6. checking no_output_delay (15)
7. checking multiple_clock (0)
8. checking generated_clocks (0)
9. checking loops (0)
10. checking partial_input_delay (0)
11. checking partial_output_delay (0)
12. checking latch_loops (0)

1. checking no_clock (33)
-------------------------
 There are 33 register/latch pins with no clock driven by root clock pin: clk (HIGH)


2. checking constant_clock (0)
------------------------------
 There are 0 register/latch pins with constant_clock.


3. checking pulse_width_clock (0)
---------------------------------
 There are 0 register/latch pins which need pulse_width check


4. checking unconstrained_internal_endpoints (133)
--------------------------------------------------
 There are 133 pins that are not constrained for maximum delay. (HIGH)

 There are 0 pins that are not constrained for maximum delay due to constant clock.


5. checking no_input_delay (11)
-------------------------------
 There are 11 input ports with no input delay specified. (HIGH)

 There are 0 input ports with no input delay but user has a false path constraint.


6. checking no_output_delay (15)
--------------------------------
 There are 15 ports with no output delay specified. (HIGH)

 There are 0 ports with no output delay but user has a false path constraint

 There are 0 ports with no output delay but with a timing clock defined on it or propagating through it


7. checking multiple_clock (0)
------------------------------
 There are 0 register/latch pins with multiple clocks.


8. checking generated_clocks (0)
--------------------------------
 There are 0 generated clocks that are not connected to a clock source.


9. checking loops (0)
---------------------
 There are 0 combinational loops in the design.


10. checking partial_input_delay (0)
------------------------------------
 There are 0 input ports with partial input delay specified.


11. checking partial_output_delay (0)
-------------------------------------
 There are 0 ports with partial output delay specified.


12. checking latch_loops (0)
----------------------------
 There are 0 combinational latch loops in the design through latch input



------------------------------------------------------------------------------------------------
| Design Timing Summary
| ---------------------
------------------------------------------------------------------------------------------------

    WNS(ns)      TNS(ns)  TNS Failing Endpoints  TNS Total Endpoints      WHS(ns)      THS(ns)  THS Failing Endpoints  THS Total Endpoints     WPWS(ns)     TPWS(ns)  TPWS Failing Endpoints  TPWS Total Endpoints  
    -------      -------  ---------------------  -------------------      -------      -------  ---------------------  -------------------     --------     --------  ----------------------  --------------------  
        inf        0.000                      0                  148          inf        0.000                      0                  148           NA           NA                      NA                    NA  


There are no user specified timing constraints.


------------------------------------------------------------------------------------------------
| Clock Summary
| -------------
------------------------------------------------------------------------------------------------


------------------------------------------------------------------------------------------------
| Intra Clock Table
| -----------------
------------------------------------------------------------------------------------------------

Clock             WNS(ns)      TNS(ns)  TNS Failing Endpoints  TNS Total Endpoints      WHS(ns)      THS(ns)  THS Failing Endpoints  THS Total Endpoints     WPWS(ns)     TPWS(ns)  TPWS Failing Endpoints  TPWS Total Endpoints  
-----             -------      -------  ---------------------  -------------------      -------      -------  ---------------------  -------------------     --------     --------  ----------------------  --------------------  


------------------------------------------------------------------------------------------------
| Inter Clock Table
| -----------------
------------------------------------------------------------------------------------------------

From Clock    To Clock          WNS(ns)      TNS(ns)  TNS Failing Endpoints  TNS Total Endpoints      WHS(ns)      THS(ns)  THS Failing Endpoints  THS Total Endpoints  
----------    --------          -------      -------  ---------------------  -------------------      -------      -------  ---------------------  -------------------  


------------------------------------------------------------------------------------------------
| Other Path Groups Table
| -----------------------
------------------------------------------------------------------------------------------------

Path Group    From Clock    To Clock          WNS(ns)      TNS(ns)  TNS Failing Endpoints  TNS Total Endpoints      WHS(ns)      THS(ns)  THS Failing Endpoints  THS Total Endpoints  
----------    ----------    --------          -------      -------  ---------------------  -------------------      -------      -------  ---------------------  -------------------  


------------------------------------------------------------------------------------------------
| User Ignored Path Table
| -----------------------
------------------------------------------------------------------------------------------------

Path Group    From Clock    To Clock    
----------    ----------    --------    


------------------------------------------------------------------------------------------------
| Unconstrained Path Table
| ------------------------
------------------------------------------------------------------------------------------------

Path Group    From Clock    To Clock    
----------    ----------    --------    
(none)                                    


------------------------------------------------------------------------------------------------
| Timing Details
| --------------
------------------------------------------------------------------------------------------------


--------------------------------------------------------------------------------------
Path Group:  (none)
From Clock:  
  To Clock:  

Max Delay           148 Endpoints
Min Delay           148 Endpoints
--------------------------------------------------------------------------------------


Max Delay Paths
--------------------------------------------------------------------------------------
Slack:                    inf
  Source:                 occupancy_reg[0]/C
                            (rising edge-triggered cell FDRE)
  Destination:            empty
                            (output port)
  Path Group:             (none)
  Path Type:              Max at Slow Process Corner
  Data Path Delay:        6.200ns  (logic 3.398ns (54.804%)  route 2.802ns (45.196%))
  Logic Levels:           3  (FDRE=1 LUT5=1 OBUF=1)

    Location             Delay type                Incr(ns)  Path(ns)    Netlist Resource(s)
  -------------------------------------------------------------------    -------------------
    SLICE_X0Y19          FDRE                         0.000     0.000 r  occupancy_reg[0]/C
    SLICE_X0Y19          FDRE (Prop_fdre_C_Q)         0.456     0.456 f  occupancy_reg[0]/Q
                         net (fo=10, routed)          1.084     1.540    occupancy_OBUF[0]
    SLICE_X0Y19          LUT5 (Prop_lut5_I2_O)        0.150     1.690 r  empty_OBUF_inst_i_1/O
                         net (fo=1, routed)           1.718     3.408    empty_OBUF
    R14                  OBUF (Prop_obuf_I_O)         2.792     6.200 r  empty_OBUF_inst/O
                         net (fo=0)                   0.000     6.200    empty
    R14                                                               r  empty (OUT)
  -------------------------------------------------------------------    -------------------

Slack:                    inf
  Source:                 occupancy_reg[0]/C
                            (rising edge-triggered cell FDRE)
  Destination:            full
                            (output port)
  Path Group:             (none)
  Path Type:              Max at Slow Process Corner
  Data Path Delay:        6.163ns  (logic 3.167ns (51.399%)  route 2.995ns (48.601%))
  Logic Levels:           3  (FDRE=1 LUT5=1 OBUF=1)

    Location             Delay type                Incr(ns)  Path(ns)    Netlist Resource(s)
  -------------------------------------------------------------------    -------------------
    SLICE_X0Y19          FDRE                         0.000     0.000 r  occupancy_reg[0]/C
    SLICE_X0Y19          FDRE (Prop_fdre_C_Q)         0.456     0.456 f  occupancy_reg[0]/Q
                         net (fo=10, routed)          1.084     1.540    occupancy_OBUF[0]
    SLICE_X0Y19          LUT5 (Prop_lut5_I3_O)        0.124     1.664 r  full_OBUF_inst_i_1/O
                         net (fo=1, routed)           1.911     3.575    full_OBUF
    P16                  OBUF (Prop_obuf_I_O)         2.587     6.163 r  full_OBUF_inst/O
                         net (fo=0)                   0.000     6.163    full
    P16                                                               r  full (OUT)
  -------------------------------------------------------------------    -------------------

Slack:                    inf
  Source:                 data_out_reg[0]/C
                            (rising edge-triggered cell FDRE)
  Destination:            data_out[0]
                            (output port)
  Path Group:             (none)
  Path Type:              Max at Slow Process Corner
  Data Path Delay:        5.077ns  (logic 3.239ns (63.808%)  route 1.837ns (36.192%))
  Logic Levels:           2  (FDRE=1 OBUF=1)

    Location             Delay type                Incr(ns)  Path(ns)    Netlist Resource(s)
  -------------------------------------------------------------------    -------------------
    SLICE_X2Y13          FDRE                         0.000     0.000 r  data_out_reg[0]/C
    SLICE_X2Y13          FDRE (Prop_fdre_C_Q)         0.478     0.478 r  data_out_reg[0]/Q
                         net (fo=1, routed)           1.837     2.315    data_out_OBUF[0]
    R13                  OBUF (Prop_obuf_I_O)         2.761     5.077 r  data_out_OBUF[0]_inst/O
                         net (fo=0)                   0.000     5.077    data_out[0]
    R13                                                               r  data_out[0] (OUT)
  -------------------------------------------------------------------    -------------------

Slack:                    inf
  Source:                 data_out_reg[4]/C
                            (rising edge-triggered cell FDRE)
  Destination:            data_out[4]
                            (output port)
  Path Group:             (none)
  Path Type:              Max at Slow Process Corner
  Data Path Delay:        5.075ns  (logic 3.234ns (63.736%)  route 1.840ns (36.264%))
  Logic Levels:           2  (FDRE=1 OBUF=1)

    Location             Delay type                Incr(ns)  Path(ns)    Netlist Resource(s)
  -------------------------------------------------------------------    -------------------
    SLICE_X2Y13          FDRE                         0.000     0.000 r  data_out_reg[4]/C
    SLICE_X2Y13          FDRE (Prop_fdre_C_Q)         0.478     0.478 r  data_out_reg[4]/Q
                         net (fo=1, routed)           1.840     2.318    data_out_OBUF[4]
    T15                  OBUF (Prop_obuf_I_O)         2.756     5.075 r  data_out_OBUF[4]_inst/O
                         net (fo=0)                   0.000     5.075    data_out[4]
    T15                                                               r  data_out[4] (OUT)
  -------------------------------------------------------------------    -------------------

Slack:                    inf
  Source:                 data_out_reg[2]/C
                            (rising edge-triggered cell FDRE)
  Destination:            data_out[2]
                            (output port)
  Path Group:             (none)
  Path Type:              Max at Slow Process Corner
  Data Path Delay:        5.062ns  (logic 3.257ns (64.342%)  route 1.805ns (35.658%))
  Logic Levels:           2  (FDRE=1 OBUF=1)

    Location             Delay type                Incr(ns)  Path(ns)    Netlist Resource(s)
  -------------------------------------------------------------------    -------------------
    SLICE_X2Y13          FDRE                         0.000     0.000 r  data_out_reg[2]/C
    SLICE_X2Y13          FDRE (Prop_fdre_C_Q)         0.478     0.478 r  data_out_reg[2]/Q
                         net (fo=1, routed)           1.805     2.283    data_out_OBUF[2]
    V16                  OBUF (Prop_obuf_I_O)         2.779     5.062 r  data_out_OBUF[2]_inst/O
                         net (fo=0)                   0.000     5.062    data_out[2]
    V16                                                               r  data_out[2] (OUT)
  -------------------------------------------------------------------    -------------------

Slack:                    inf
  Source:                 data_out_reg[7]/C
                            (rising edge-triggered cell FDRE)
  Destination:            data_out[7]
                            (output port)
  Path Group:             (none)
  Path Type:              Max at Slow Process Corner
  Data Path Delay:        4.961ns  (logic 3.252ns (65.555%)  route 1.709ns (34.445%))
  Logic Levels:           2  (FDRE=1 OBUF=1)

    Location             Delay type                Incr(ns)  Path(ns)    Netlist Resource(s)
  -------------------------------------------------------------------    -------------------
    SLICE_X2Y14          FDRE                         0.000     0.000 r  data_out_reg[7]/C
    SLICE_X2Y14          FDRE (Prop_fdre_C_Q)         0.478     0.478 r  data_out_reg[7]/Q
                         net (fo=1, routed)           1.709     2.187    data_out_OBUF[7]
    U16                  OBUF (Prop_obuf_I_O)         2.774     4.961 r  data_out_OBUF[7]_inst/O
                         net (fo=0)                   0.000     4.961    data_out[7]
    U16                                                               r  data_out[7] (OUT)
  -------------------------------------------------------------------    -------------------

Slack:                    inf
  Source:                 data_out_reg[6]/C
                            (rising edge-triggered cell FDRE)
  Destination:            data_out[6]
                            (output port)
  Path Group:             (none)
  Path Type:              Max at Slow Process Corner
  Data Path Delay:        4.835ns  (logic 3.119ns (64.512%)  route 1.716ns (35.488%))
  Logic Levels:           2  (FDRE=1 OBUF=1)

    Location             Delay type                Incr(ns)  Path(ns)    Netlist Resource(s)
  -------------------------------------------------------------------    -------------------
    SLICE_X2Y14          FDRE                         0.000     0.000 r  data_out_reg[6]/C
    SLICE_X2Y14          FDRE (Prop_fdre_C_Q)         0.518     0.518 r  data_out_reg[6]/Q
                         net (fo=1, routed)           1.716     2.234    data_out_OBUF[6]
    V17                  OBUF (Prop_obuf_I_O)         2.601     4.835 r  data_out_OBUF[6]_inst/O
                         net (fo=0)                   0.000     4.835    data_out[6]
    V17                                                               r  data_out[6] (OUT)
  -------------------------------------------------------------------    -------------------

Slack:                    inf
  Source:                 occupancy_reg[4]/C
                            (rising edge-triggered cell FDRE)
  Destination:            occupancy[4]
                            (output port)
  Path Group:             (none)
  Path Type:              Max at Slow Process Corner
  Data Path Delay:        4.829ns  (logic 3.046ns (63.083%)  route 1.783ns (36.917%))
  Logic Levels:           2  (FDRE=1 OBUF=1)

    Location             Delay type                Incr(ns)  Path(ns)    Netlist Resource(s)
  -------------------------------------------------------------------    -------------------
    SLICE_X0Y18          FDRE                         0.000     0.000 r  occupancy_reg[4]/C
    SLICE_X0Y18          FDRE (Prop_fdre_C_Q)         0.456     0.456 r  occupancy_reg[4]/Q
                         net (fo=9, routed)           1.783     2.239    occupancy_OBUF[4]
    T14                  OBUF (Prop_obuf_I_O)         2.590     4.829 r  occupancy_OBUF[4]_inst/O
                         net (fo=0)                   0.000     4.829    occupancy[4]
    T14                                                               r  occupancy[4] (OUT)
  -------------------------------------------------------------------    -------------------

Slack:                    inf
  Source:                 data_out_reg[5]/C
                            (rising edge-triggered cell FDRE)
  Destination:            data_out[5]
                            (output port)
  Path Group:             (none)
  Path Type:              Max at Slow Process Corner
  Data Path Delay:        4.820ns  (logic 3.104ns (64.401%)  route 1.716ns (35.599%))
  Logic Levels:           2  (FDRE=1 OBUF=1)

    Location             Delay type                Incr(ns)  Path(ns)    Netlist Resource(s)
  -------------------------------------------------------------------    -------------------
    SLICE_X2Y13          FDRE                         0.000     0.000 r  data_out_reg[5]/C
    SLICE_X2Y13          FDRE (Prop_fdre_C_Q)         0.518     0.518 r  data_out_reg[5]/Q
                         net (fo=1, routed)           1.716     2.234    data_out_OBUF[5]
    R15                  OBUF (Prop_obuf_I_O)         2.586     4.820 r  data_out_OBUF[5]_inst/O
                         net (fo=0)                   0.000     4.820    data_out[5]
    R15                                                               r  data_out[5] (OUT)
  -------------------------------------------------------------------    -------------------

Slack:                    inf
  Source:                 occupancy_reg[3]/C
                            (rising edge-triggered cell FDRE)
  Destination:            occupancy[3]
                            (output port)
  Path Group:             (none)
  Path Type:              Max at Slow Process Corner
  Data Path Delay:        4.807ns  (logic 3.059ns (63.632%)  route 1.748ns (36.368%))
  Logic Levels:           2  (FDRE=1 OBUF=1)

    Location             Delay type                Incr(ns)  Path(ns)    Netlist Resource(s)
  -------------------------------------------------------------------    -------------------
    SLICE_X0Y18          FDRE                         0.000     0.000 r  occupancy_reg[3]/C
    SLICE_X0Y18          FDRE (Prop_fdre_C_Q)         0.456     0.456 r  occupancy_reg[3]/Q
                         net (fo=9, routed)           1.748     2.204    occupancy_OBUF[3]
    R16                  OBUF (Prop_obuf_I_O)         2.603     4.807 r  occupancy_OBUF[3]_inst/O
                         net (fo=0)                   0.000     4.807    occupancy[3]
    R16                                                               r  occupancy[3] (OUT)
  -------------------------------------------------------------------    -------------------





Min Delay Paths
--------------------------------------------------------------------------------------
Slack:                    inf
  Source:                 wr_ptr_reg[3]/C
                            (rising edge-triggered cell FDRE)
  Destination:            mem_reg_0_15_6_7/DP/WADR3
  Path Group:             (none)
  Path Type:              Min at Fast Process Corner
  Data Path Delay:        0.323ns  (logic 0.128ns (39.581%)  route 0.195ns (60.419%))
  Logic Levels:           1  (FDRE=1)

    Location             Delay type                Incr(ns)  Path(ns)    Netlist Resource(s)
  -------------------------------------------------------------------    -------------------
    SLICE_X1Y14          FDRE                         0.000     0.000 r  wr_ptr_reg[3]/C
    SLICE_X1Y14          FDRE (Prop_fdre_C_Q)         0.128     0.128 r  wr_ptr_reg[3]/Q
                         net (fo=15, routed)          0.195     0.323    mem_reg_0_15_6_7/A3
    SLICE_X2Y14          RAMD32                                       r  mem_reg_0_15_6_7/DP/WADR3
  -------------------------------------------------------------------    -------------------

Slack:                    inf
  Source:                 wr_ptr_reg[3]/C
                            (rising edge-triggered cell FDRE)
  Destination:            mem_reg_0_15_6_7/SP/WADR3
  Path Group:             (none)
  Path Type:              Min at Fast Process Corner
  Data Path Delay:        0.323ns  (logic 0.128ns (39.581%)  route 0.195ns (60.419%))
  Logic Levels:           1  (FDRE=1)

    Location             Delay type                Incr(ns)  Path(ns)    Netlist Resource(s)
  -------------------------------------------------------------------    -------------------
    SLICE_X1Y14          FDRE                         0.000     0.000 r  wr_ptr_reg[3]/C
    SLICE_X1Y14          FDRE (Prop_fdre_C_Q)         0.128     0.128 r  wr_ptr_reg[3]/Q
                         net (fo=15, routed)          0.195     0.323    mem_reg_0_15_6_7/A3
    SLICE_X2Y14          RAMD32                                       r  mem_reg_0_15_6_7/SP/WADR3
  -------------------------------------------------------------------    -------------------

Slack:                    inf
  Source:                 wr_ptr_reg[3]/C
                            (rising edge-triggered cell FDRE)
  Destination:            mem_reg_0_15_6_7__0/DP/WADR3
  Path Group:             (none)
  Path Type:              Min at Fast Process Corner
  Data Path Delay:        0.323ns  (logic 0.128ns (39.581%)  route 0.195ns (60.419%))
  Logic Levels:           1  (FDRE=1)

    Location             Delay type                Incr(ns)  Path(ns)    Netlist Resource(s)
  -------------------------------------------------------------------    -------------------
    SLICE_X1Y14          FDRE                         0.000     0.000 r  wr_ptr_reg[3]/C
    SLICE_X1Y14          FDRE (Prop_fdre_C_Q)         0.128     0.128 r  wr_ptr_reg[3]/Q
                         net (fo=15, routed)          0.195     0.323    mem_reg_0_15_6_7__0/A3
    SLICE_X2Y14          RAMD32                                       r  mem_reg_0_15_6_7__0/DP/WADR3
  -------------------------------------------------------------------    -------------------

Slack:                    inf
  Source:                 wr_ptr_reg[3]/C
                            (rising edge-triggered cell FDRE)
  Destination:            mem_reg_0_15_6_7__0/SP/WADR3
  Path Group:             (none)
  Path Type:              Min at Fast Process Corner
  Data Path Delay:        0.323ns  (logic 0.128ns (39.581%)  route 0.195ns (60.419%))
  Logic Levels:           1  (FDRE=1)

    Location             Delay type                Incr(ns)  Path(ns)    Netlist Resource(s)
  -------------------------------------------------------------------    -------------------
    SLICE_X1Y14          FDRE                         0.000     0.000 r  wr_ptr_reg[3]/C
    SLICE_X1Y14          FDRE (Prop_fdre_C_Q)         0.128     0.128 r  wr_ptr_reg[3]/Q
                         net (fo=15, routed)          0.195     0.323    mem_reg_0_15_6_7__0/A3
    SLICE_X2Y14          RAMD32                                       r  mem_reg_0_15_6_7__0/SP/WADR3
  -------------------------------------------------------------------    -------------------

Slack:                    inf
  Source:                 occupancy_reg[2]/C
                            (rising edge-triggered cell FDRE)
  Destination:            occupancy_reg[2]/D
  Path Group:             (none)
  Path Type:              Min at Fast Process Corner
  Data Path Delay:        0.353ns  (logic 0.186ns (52.765%)  route 0.167ns (47.235%))
  Logic Levels:           2  (FDRE=1 LUT6=1)

    Location             Delay type                Incr(ns)  Path(ns)    Netlist Resource(s)
  -------------------------------------------------------------------    -------------------
    SLICE_X0Y19          FDRE                         0.000     0.000 r  occupancy_reg[2]/C
    SLICE_X0Y19          FDRE (Prop_fdre_C_Q)         0.141     0.141 r  occupancy_reg[2]/Q
                         net (fo=9, routed)           0.167     0.308    occupancy_OBUF[2]
    SLICE_X0Y19          LUT6 (Prop_lut6_I4_O)        0.045     0.353 r  occupancy[2]_i_1/O
                         net (fo=1, routed)           0.000     0.353    occupancy__0[2]
    SLICE_X0Y19          FDRE                                         r  occupancy_reg[2]/D
  -------------------------------------------------------------------    -------------------

Slack:                    inf
  Source:                 occupancy_reg[0]/C
                            (rising edge-triggered cell FDRE)
  Destination:            occupancy_reg[4]/D
  Path Group:             (none)
  Path Type:              Min at Fast Process Corner
  Data Path Delay:        0.362ns  (logic 0.186ns (51.392%)  route 0.176ns (48.608%))
  Logic Levels:           2  (FDRE=1 LUT6=1)

    Location             Delay type                Incr(ns)  Path(ns)    Netlist Resource(s)
  -------------------------------------------------------------------    -------------------
    SLICE_X0Y19          FDRE                         0.000     0.000 r  occupancy_reg[0]/C
    SLICE_X0Y19          FDRE (Prop_fdre_C_Q)         0.141     0.141 r  occupancy_reg[0]/Q
                         net (fo=10, routed)          0.176     0.317    occupancy_OBUF[0]
    SLICE_X0Y18          LUT6 (Prop_lut6_I2_O)        0.045     0.362 r  occupancy[4]_i_2/O
                         net (fo=1, routed)           0.000     0.362    occupancy__0[4]
    SLICE_X0Y18          FDRE                                         r  occupancy_reg[4]/D
  -------------------------------------------------------------------    -------------------

Slack:                    inf
  Source:                 occupancy_reg[0]/C
                            (rising edge-triggered cell FDRE)
  Destination:            occupancy_reg[3]/D
  Path Group:             (none)
  Path Type:              Min at Fast Process Corner
  Data Path Delay:        0.363ns  (logic 0.186ns (51.251%)  route 0.177ns (48.749%))
  Logic Levels:           2  (FDRE=1 LUT6=1)

    Location             Delay type                Incr(ns)  Path(ns)    Netlist Resource(s)
  -------------------------------------------------------------------    -------------------
    SLICE_X0Y19          FDRE                         0.000     0.000 r  occupancy_reg[0]/C
    SLICE_X0Y19          FDRE (Prop_fdre_C_Q)         0.141     0.141 r  occupancy_reg[0]/Q
                         net (fo=10, routed)          0.177     0.318    occupancy_OBUF[0]
    SLICE_X0Y18          LUT6 (Prop_lut6_I1_O)        0.045     0.363 r  occupancy[3]_i_1/O
                         net (fo=1, routed)           0.000     0.363    occupancy__0[3]
    SLICE_X0Y18          FDRE                                         r  occupancy_reg[3]/D
  -------------------------------------------------------------------    -------------------

Slack:                    inf
  Source:                 wr_ptr_reg[0]/C
                            (rising edge-triggered cell FDRE)
  Destination:            wr_ptr_reg[1]/D
  Path Group:             (none)
  Path Type:              Min at Fast Process Corner
  Data Path Delay:        0.375ns  (logic 0.183ns (48.852%)  route 0.192ns (51.148%))
  Logic Levels:           2  (FDRE=1 LUT2=1)

    Location             Delay type                Incr(ns)  Path(ns)    Netlist Resource(s)
  -------------------------------------------------------------------    -------------------
    SLICE_X1Y14          FDRE                         0.000     0.000 r  wr_ptr_reg[0]/C
    SLICE_X1Y14          FDRE (Prop_fdre_C_Q)         0.141     0.141 r  wr_ptr_reg[0]/Q
                         net (fo=18, routed)          0.192     0.333    wr_ptr_reg[0]
    SLICE_X1Y14          LUT2 (Prop_lut2_I0_O)        0.042     0.375 r  wr_ptr[1]_i_1/O
                         net (fo=1, routed)           0.000     0.375    p_0_in__0__0[1]
    SLICE_X1Y14          FDRE                                         r  wr_ptr_reg[1]/D
  -------------------------------------------------------------------    -------------------

Slack:                    inf
  Source:                 wr_ptr_reg[0]/C
                            (rising edge-triggered cell FDRE)
  Destination:            wr_ptr_reg[0]/D
  Path Group:             (none)
  Path Type:              Min at Fast Process Corner
  Data Path Delay:        0.378ns  (logic 0.186ns (49.258%)  route 0.192ns (50.742%))
  Logic Levels:           2  (FDRE=1 LUT1=1)

    Location             Delay type                Incr(ns)  Path(ns)    Netlist Resource(s)
  -------------------------------------------------------------------    -------------------
    SLICE_X1Y14          FDRE                         0.000     0.000 r  wr_ptr_reg[0]/C
    SLICE_X1Y14          FDRE (Prop_fdre_C_Q)         0.141     0.141 f  wr_ptr_reg[0]/Q
                         net (fo=18, routed)          0.192     0.333    wr_ptr_reg[0]
    SLICE_X1Y14          LUT1 (Prop_lut1_I0_O)        0.045     0.378 r  wr_ptr[0]_i_1/O
                         net (fo=1, routed)           0.000     0.378    p_0_in__0__0[0]
    SLICE_X1Y14          FDRE                                         r  wr_ptr_reg[0]/D
  -------------------------------------------------------------------    -------------------

Slack:                    inf
  Source:                 wr_ptr_reg[0]/C
                            (rising edge-triggered cell FDRE)
  Destination:            wr_ptr_reg[3]/D
  Path Group:             (none)
  Path Type:              Min at Fast Process Corner
  Data Path Delay:        0.378ns  (logic 0.184ns (48.728%)  route 0.194ns (51.272%))
  Logic Levels:           2  (FDRE=1 LUT4=1)

    Location             Delay type                Incr(ns)  Path(ns)    Netlist Resource(s)
  -------------------------------------------------------------------    -------------------
    SLICE_X1Y14          FDRE                         0.000     0.000 r  wr_ptr_reg[0]/C
    SLICE_X1Y14          FDRE (Prop_fdre_C_Q)         0.141     0.141 r  wr_ptr_reg[0]/Q
                         net (fo=18, routed)          0.194     0.335    wr_ptr_reg[0]
    SLICE_X1Y14          LUT4 (Prop_lut4_I1_O)        0.043     0.378 r  wr_ptr[3]_i_2/O
                         net (fo=1, routed)           0.000     0.378    p_0_in__0__0[3]
    SLICE_X1Y14          FDRE                                         r  wr_ptr_reg[3]/D
  -------------------------------------------------------------------    -------------------





